<?xml version="1.0" encoding="UTF-8"?>
<testng-results skipped="0" failed="0" ignored="0" total="2" passed="2">
  <reporter-output>
  </reporter-output>
  <suite name="opencartSuite" duration-ms="18616" started-at="2022-04-04T14:17:56 IST" finished-at="2022-04-04T14:18:14 IST">
    <groups>
      <group name="regression">
        <method signature="TC_001_AccRegstration.test_Account_reg()[pri:0, instance:testCases.TC_001_AccRegstration@289d1c02]" name="test_Account_reg" class="testCases.TC_001_AccRegstration"/>
      </group> <!-- regression -->
      <group name="sanity">
        <method signature="TC_002_Login.loginPage()[pri:0, instance:testCases.TC_002_Login@12c8a2c0]" name="loginPage" class="testCases.TC_002_Login"/>
      </group> <!-- sanity -->
      <group name="master">
        <method signature="TC_001_AccRegstration.test_Account_reg()[pri:0, instance:testCases.TC_001_AccRegstration@289d1c02]" name="test_Account_reg" class="testCases.TC_001_AccRegstration"/>
        <method signature="TC_002_Login.loginPage()[pri:0, instance:testCases.TC_002_Login@12c8a2c0]" name="loginPage" class="testCases.TC_002_Login"/>
      </group> <!-- master -->
    </groups>
    <test name="OpencartTests" duration-ms="18616" started-at="2022-04-04T14:17:56 IST" finished-at="2022-04-04T14:18:14 IST">
      <class name="testCases.TC_001_AccRegstration">
        <test-method status="PASS" signature="setup(java.lang.String)[pri:0, instance:testCases.TC_001_AccRegstration@289d1c02]" name="setup" is-config="true" duration-ms="2755" started-at="2022-04-04T14:17:56 IST" finished-at="2022-04-04T14:17:59 IST">
          <params>
            <param index="0">
              <value>
                <![CDATA[chrome]]>
              </value>
            </param>
          </params>
          <reporter-output>
          </reporter-output>
        </test-method> <!-- setup -->
        <test-method status="PASS" signature="test_Account_reg()[pri:0, instance:testCases.TC_001_AccRegstration@289d1c02]" name="test_Account_reg" duration-ms="6505" started-at="2022-04-04T14:17:59 IST" finished-at="2022-04-04T14:18:05 IST">
          <reporter-output>
          </reporter-output>
        </test-method> <!-- test_Account_reg -->
        <test-method status="PASS" signature="tearDown()[pri:0, instance:testCases.TC_001_AccRegstration@289d1c02]" name="tearDown" is-config="true" duration-ms="641" started-at="2022-04-04T14:18:05 IST" finished-at="2022-04-04T14:18:06 IST">
          <reporter-output>
          </reporter-output>
        </test-method> <!-- tearDown -->
      </class> <!-- testCases.TC_001_AccRegstration -->
      <class name="testCases.TC_002_Login">
        <test-method status="PASS" signature="setup(java.lang.String)[pri:0, instance:testCases.TC_002_Login@12c8a2c0]" name="setup" is-config="true" duration-ms="1243" started-at="2022-04-04T14:18:06 IST" finished-at="2022-04-04T14:18:07 IST">
          <params>
            <param index="0">
              <value>
                <![CDATA[chrome]]>
              </value>
            </param>
          </params>
          <reporter-output>
          </reporter-output>
        </test-method> <!-- setup -->
        <test-method status="PASS" signature="loginPage()[pri:0, instance:testCases.TC_002_Login@12c8a2c0]" name="loginPage" duration-ms="6630" started-at="2022-04-04T14:18:07 IST" finished-at="2022-04-04T14:18:14 IST">
          <reporter-output>
          </reporter-output>
        </test-method> <!-- loginPage -->
        <test-method status="PASS" signature="tearDown()[pri:0, instance:testCases.TC_002_Login@12c8a2c0]" name="tearDown" is-config="true" duration-ms="637" started-at="2022-04-04T14:18:14 IST" finished-at="2022-04-04T14:18:14 IST">
          <reporter-output>
          </reporter-output>
        </test-method> <!-- tearDown -->
      </class> <!-- testCases.TC_002_Login -->
    </test> <!-- OpencartTests -->
  </suite> <!-- opencartSuite -->
</testng-results>
