<?xml version="1.0" encoding="UTF-8"?>
<testng-results skipped="0" failed="0" ignored="0" total="2" passed="2">
  <reporter-output>
  </reporter-output>
  <suite name="opencartSuite" duration-ms="18677" started-at="2022-04-05T05:29:48 IST" finished-at="2022-04-05T05:30:07 IST">
    <groups>
      <group name="regression">
        <method signature="TC_001_AccRegstration.test_Account_reg()[pri:0, instance:testCases.TC_001_AccRegstration@6d3af739]" name="test_Account_reg" class="testCases.TC_001_AccRegstration"/>
        <method signature="TC_001_AccRegstration.test_Account_reg()[pri:0, instance:testCases.TC_001_AccRegstration@dbd940d]" name="test_Account_reg" class="testCases.TC_001_AccRegstration"/>
      </group> <!-- regression -->
      <group name="master">
        <method signature="TC_001_AccRegstration.test_Account_reg()[pri:0, instance:testCases.TC_001_AccRegstration@6d3af739]" name="test_Account_reg" class="testCases.TC_001_AccRegstration"/>
        <method signature="TC_001_AccRegstration.test_Account_reg()[pri:0, instance:testCases.TC_001_AccRegstration@dbd940d]" name="test_Account_reg" class="testCases.TC_001_AccRegstration"/>
      </group> <!-- master -->
    </groups>
    <test name="OpencartchromeTests" duration-ms="17848" started-at="2022-04-05T05:29:48 IST" finished-at="2022-04-05T05:30:06 IST">
      <class name="testCases.TC_001_AccRegstration">
        <test-method status="PASS" signature="setup(java.lang.String)[pri:0, instance:testCases.TC_001_AccRegstration@6d3af739]" name="setup" is-config="true" duration-ms="4872" started-at="2022-04-05T05:29:48 IST" finished-at="2022-04-05T05:29:53 IST">
          <params>
            <param index="0">
              <value>
                <![CDATA[chrome]]>
              </value>
            </param>
          </params>
          <reporter-output>
          </reporter-output>
        </test-method> <!-- setup -->
        <test-method status="PASS" signature="test_Account_reg()[pri:0, instance:testCases.TC_001_AccRegstration@6d3af739]" name="test_Account_reg" duration-ms="12287" started-at="2022-04-05T05:29:53 IST" finished-at="2022-04-05T05:30:05 IST">
          <reporter-output>
          </reporter-output>
        </test-method> <!-- test_Account_reg -->
        <test-method status="PASS" signature="tearDown()[pri:0, instance:testCases.TC_001_AccRegstration@6d3af739]" name="tearDown" is-config="true" duration-ms="645" started-at="2022-04-05T05:30:05 IST" finished-at="2022-04-05T05:30:06 IST">
          <reporter-output>
          </reporter-output>
        </test-method> <!-- tearDown -->
      </class> <!-- testCases.TC_001_AccRegstration -->
    </test> <!-- OpencartchromeTests -->
    <test name="OpencartEdgeTests" duration-ms="18677" started-at="2022-04-05T05:29:48 IST" finished-at="2022-04-05T05:30:07 IST">
      <class name="testCases.TC_001_AccRegstration">
        <test-method status="PASS" signature="setup(java.lang.String)[pri:0, instance:testCases.TC_001_AccRegstration@dbd940d]" name="setup" is-config="true" duration-ms="7883" started-at="2022-04-05T05:29:48 IST" finished-at="2022-04-05T05:29:56 IST">
          <params>
            <param index="0">
              <value>
                <![CDATA[edge]]>
              </value>
            </param>
          </params>
          <reporter-output>
          </reporter-output>
        </test-method> <!-- setup -->
        <test-method status="PASS" signature="test_Account_reg()[pri:0, instance:testCases.TC_001_AccRegstration@dbd940d]" name="test_Account_reg" duration-ms="10033" started-at="2022-04-05T05:29:56 IST" finished-at="2022-04-05T05:30:06 IST">
          <reporter-output>
          </reporter-output>
        </test-method> <!-- test_Account_reg -->
        <test-method status="PASS" signature="tearDown()[pri:0, instance:testCases.TC_001_AccRegstration@dbd940d]" name="tearDown" is-config="true" duration-ms="729" started-at="2022-04-05T05:30:06 IST" finished-at="2022-04-05T05:30:07 IST">
          <reporter-output>
          </reporter-output>
        </test-method> <!-- tearDown -->
      </class> <!-- testCases.TC_001_AccRegstration -->
    </test> <!-- OpencartEdgeTests -->
  </suite> <!-- opencartSuite -->
</testng-results>
